{"/Users/lengxingda/my/learning/toy-element/packages/components/Button/Button.vue": {"path":"/Users/lengxingda/my/learning/toy-element/packages/components/Button/Button.vue","all":false,"statementMap":{"0":{"start":{"line":1,"column":0},"end":{"line":1,"column":24}},"1":{"start":{"line":2,"column":0},"end":{"line":2,"column":46}},"2":{"start":{"line":3,"column":0},"end":{"line":3,"column":53}},"3":{"start":{"line":4,"column":0},"end":{"line":4,"column":73}},"4":{"start":{"line":5,"column":0},"end":{"line":5,"column":39}},"5":{"start":{"line":6,"column":0},"end":{"line":6,"column":38}},"6":{"start":{"line":7,"column":0},"end":{"line":7,"column":0}},"7":{"start":{"line":8,"column":0},"end":{"line":8,"column":17}},"8":{"start":{"line":9,"column":0},"end":{"line":9,"column":20}},"9":{"start":{"line":10,"column":0},"end":{"line":10,"column":4}},"10":{"start":{"line":11,"column":0},"end":{"line":11,"column":4}},"11":{"start":{"line":12,"column":0},"end":{"line":12,"column":0}},"12":{"start":{"line":13,"column":0},"end":{"line":13,"column":58}},"13":{"start":{"line":14,"column":0},"end":{"line":14,"column":18}},"14":{"start":{"line":15,"column":0},"end":{"line":15,"column":25}},"15":{"start":{"line":16,"column":0},"end":{"line":16,"column":22}},"16":{"start":{"line":17,"column":0},"end":{"line":17,"column":25}},"17":{"start":{"line":18,"column":0},"end":{"line":18,"column":4}},"18":{"start":{"line":19,"column":0},"end":{"line":19,"column":42}},"19":{"start":{"line":20,"column":0},"end":{"line":20,"column":0}},"20":{"start":{"line":21,"column":0},"end":{"line":21,"column":29}},"21":{"start":{"line":22,"column":0},"end":{"line":22,"column":0}},"22":{"start":{"line":23,"column":0},"end":{"line":23,"column":39}},"23":{"start":{"line":24,"column":0},"end":{"line":24,"column":53}},"24":{"start":{"line":25,"column":0},"end":{"line":25,"column":0}},"25":{"start":{"line":26,"column":0},"end":{"line":26,"column":37}},"26":{"start":{"line":27,"column":0},"end":{"line":27,"column":43}},"27":{"start":{"line":28,"column":0},"end":{"line":28,"column":5}},"28":{"start":{"line":29,"column":0},"end":{"line":29,"column":0}},"29":{"start":{"line":30,"column":0},"end":{"line":30,"column":88}},"30":{"start":{"line":31,"column":0},"end":{"line":31,"column":65}},"31":{"start":{"line":32,"column":0},"end":{"line":32,"column":65}},"32":{"start":{"line":33,"column":0},"end":{"line":33,"column":0}},"33":{"start":{"line":34,"column":0},"end":{"line":34,"column":64}},"34":{"start":{"line":35,"column":0},"end":{"line":35,"column":81}},"35":{"start":{"line":36,"column":0},"end":{"line":36,"column":31}},"36":{"start":{"line":37,"column":0},"end":{"line":37,"column":5}},"37":{"start":{"line":38,"column":0},"end":{"line":38,"column":15}},"38":{"start":{"line":39,"column":0},"end":{"line":39,"column":5}},"39":{"start":{"line":40,"column":0},"end":{"line":40,"column":3}},"40":{"start":{"line":41,"column":0},"end":{"line":41,"column":9}},"41":{"start":{"line":42,"column":0},"end":{"line":42,"column":0}},"42":{"start":{"line":43,"column":0},"end":{"line":43,"column":10}},"43":{"start":{"line":44,"column":0},"end":{"line":44,"column":12}},"44":{"start":{"line":45,"column":0},"end":{"line":45,"column":14}},"45":{"start":{"line":46,"column":0},"end":{"line":46,"column":21}},"46":{"start":{"line":47,"column":0},"end":{"line":47,"column":13}},"47":{"start":{"line":48,"column":0},"end":{"line":48,"column":26}},"48":{"start":{"line":49,"column":0},"end":{"line":49,"column":47}},"49":{"start":{"line":50,"column":0},"end":{"line":50,"column":51}},"50":{"start":{"line":51,"column":0},"end":{"line":51,"column":13}},"51":{"start":{"line":52,"column":0},"end":{"line":52,"column":35}},"52":{"start":{"line":53,"column":0},"end":{"line":53,"column":35}},"53":{"start":{"line":54,"column":0},"end":{"line":54,"column":30}},"54":{"start":{"line":55,"column":0},"end":{"line":55,"column":28}},"55":{"start":{"line":56,"column":0},"end":{"line":56,"column":24}},"56":{"start":{"line":57,"column":0},"end":{"line":57,"column":24}},"57":{"start":{"line":58,"column":0},"end":{"line":58,"column":26}},"58":{"start":{"line":59,"column":0},"end":{"line":59,"column":6}},"59":{"start":{"line":60,"column":0},"end":{"line":60,"column":91}},"60":{"start":{"line":61,"column":0},"end":{"line":61,"column":3}},"61":{"start":{"line":62,"column":0},"end":{"line":62,"column":13}},"62":{"start":{"line":63,"column":0},"end":{"line":63,"column":27}},"63":{"start":{"line":64,"column":0},"end":{"line":64,"column":25}},"64":{"start":{"line":65,"column":0},"end":{"line":65,"column":14}},"65":{"start":{"line":66,"column":0},"end":{"line":66,"column":28}},"66":{"start":{"line":67,"column":0},"end":{"line":67,"column":17}},"67":{"start":{"line":68,"column":0},"end":{"line":68,"column":39}},"68":{"start":{"line":69,"column":0},"end":{"line":69,"column":26}},"69":{"start":{"line":70,"column":0},"end":{"line":70,"column":19}},"70":{"start":{"line":71,"column":0},"end":{"line":71,"column":13}},"71":{"start":{"line":72,"column":0},"end":{"line":72,"column":13}},"72":{"start":{"line":73,"column":0},"end":{"line":73,"column":10}},"73":{"start":{"line":74,"column":0},"end":{"line":74,"column":13}},"74":{"start":{"line":75,"column":0},"end":{"line":75,"column":27}},"75":{"start":{"line":76,"column":0},"end":{"line":76,"column":22}},"76":{"start":{"line":77,"column":0},"end":{"line":77,"column":17}},"77":{"start":{"line":78,"column":0},"end":{"line":78,"column":12}},"78":{"start":{"line":79,"column":0},"end":{"line":79,"column":15}},"79":{"start":{"line":80,"column":0},"end":{"line":80,"column":15}},"80":{"start":{"line":81,"column":0},"end":{"line":81,"column":14}},"81":{"start":{"line":82,"column":0},"end":{"line":82,"column":11}},"82":{"start":{"line":83,"column":0},"end":{"line":83,"column":0}},"83":{"start":{"line":84,"column":0},"end":{"line":84,"column":14}},"84":{"start":{"line":85,"column":0},"end":{"line":85,"column":22}},"85":{"start":{"line":86,"column":0},"end":{"line":86,"column":8}}},"s":{"0":35,"1":1,"2":1,"3":1,"4":1,"5":1,"6":1,"7":1,"8":1,"9":1,"10":1,"11":1,"12":1,"13":1,"14":1,"15":1,"16":1,"17":1,"18":1,"19":1,"20":1,"21":1,"22":1,"23":1,"24":1,"25":1,"26":1,"27":1,"28":1,"29":1,"30":1,"31":1,"32":1,"33":1,"34":1,"35":1,"36":1,"37":1,"38":1,"39":1,"40":1,"41":1,"42":1,"43":1,"44":1,"45":1,"46":1,"47":1,"48":1,"49":1,"50":1,"51":1,"52":1,"53":1,"54":1,"55":1,"56":1,"57":1,"58":1,"59":1,"60":1,"61":1,"62":36,"63":36,"64":36,"65":36,"66":36,"67":36,"68":36,"69":36,"70":36,"71":36,"72":36,"73":36,"74":36,"75":0,"76":0,"77":36,"78":36,"79":36,"80":1,"81":1,"82":1,"83":1,"84":1,"85":1},"branchMap":{"0":{"type":"branch","line":26,"loc":{"start":{"line":26,"column":29},"end":{"line":28,"column":4}},"locations":[{"start":{"line":26,"column":29},"end":{"line":28,"column":4}}]},"1":{"type":"branch","line":27,"loc":{"start":{"line":27,"column":23},"end":{"line":27,"column":41}},"locations":[{"start":{"line":27,"column":23},"end":{"line":27,"column":41}}]},"2":{"type":"branch","line":30,"loc":{"start":{"line":30,"column":28},"end":{"line":30,"column":87}},"locations":[{"start":{"line":30,"column":28},"end":{"line":30,"column":87}}]},"3":{"type":"branch","line":30,"loc":{"start":{"line":30,"column":40},"end":{"line":30,"column":87}},"locations":[{"start":{"line":30,"column":40},"end":{"line":30,"column":87}}]},"4":{"type":"branch","line":30,"loc":{"start":{"line":30,"column":53},"end":{"line":30,"column":81}},"locations":[{"start":{"line":30,"column":53},"end":{"line":30,"column":81}}]},"5":{"type":"branch","line":30,"loc":{"start":{"line":30,"column":69},"end":{"line":30,"column":87}},"locations":[{"start":{"line":30,"column":69},"end":{"line":30,"column":87}}]},"6":{"type":"branch","line":31,"loc":{"start":{"line":31,"column":24},"end":{"line":31,"column":64}},"locations":[{"start":{"line":31,"column":24},"end":{"line":31,"column":64}}]},"7":{"type":"branch","line":31,"loc":{"start":{"line":31,"column":30},"end":{"line":31,"column":54}},"locations":[{"start":{"line":31,"column":30},"end":{"line":31,"column":54}}]},"8":{"type":"branch","line":31,"loc":{"start":{"line":31,"column":46},"end":{"line":31,"column":64}},"locations":[{"start":{"line":31,"column":46},"end":{"line":31,"column":64}}]},"9":{"type":"branch","line":32,"loc":{"start":{"line":32,"column":24},"end":{"line":32,"column":64}},"locations":[{"start":{"line":32,"column":24},"end":{"line":32,"column":64}}]},"10":{"type":"branch","line":32,"loc":{"start":{"line":32,"column":30},"end":{"line":32,"column":54}},"locations":[{"start":{"line":32,"column":30},"end":{"line":32,"column":54}}]},"11":{"type":"branch","line":32,"loc":{"start":{"line":32,"column":46},"end":{"line":32,"column":64}},"locations":[{"start":{"line":32,"column":46},"end":{"line":32,"column":64}}]},"12":{"type":"branch","line":34,"loc":{"start":{"line":34,"column":28},"end":{"line":34,"column":64}},"locations":[{"start":{"line":34,"column":28},"end":{"line":34,"column":64}}]},"13":{"type":"branch","line":49,"loc":{"start":{"line":49,"column":14},"end":{"line":49,"column":38}},"locations":[{"start":{"line":49,"column":14},"end":{"line":49,"column":38}}]},"14":{"type":"branch","line":49,"loc":{"start":{"line":49,"column":28},"end":{"line":49,"column":47}},"locations":[{"start":{"line":49,"column":28},"end":{"line":49,"column":47}}]},"15":{"type":"branch","line":50,"loc":{"start":{"line":50,"column":15},"end":{"line":50,"column":34}},"locations":[{"start":{"line":50,"column":15},"end":{"line":50,"column":34}}]},"16":{"type":"branch","line":50,"loc":{"start":{"line":50,"column":27},"end":{"line":50,"column":51}},"locations":[{"start":{"line":50,"column":27},"end":{"line":50,"column":51}}]},"17":{"type":"branch","line":50,"loc":{"start":{"line":50,"column":34},"end":{"line":50,"column":51}},"locations":[{"start":{"line":50,"column":34},"end":{"line":50,"column":51}}]},"18":{"type":"branch","line":60,"loc":{"start":{"line":60,"column":10},"end":{"line":60,"column":91}},"locations":[{"start":{"line":60,"column":10},"end":{"line":60,"column":91}}]},"19":{"type":"branch","line":60,"loc":{"start":{"line":60,"column":66},"end":{"line":60,"column":91}},"locations":[{"start":{"line":60,"column":66},"end":{"line":60,"column":91}}]},"20":{"type":"branch","line":62,"loc":{"start":{"line":62,"column":2},"end":{"line":80,"column":15}},"locations":[{"start":{"line":62,"column":2},"end":{"line":80,"column":15}}]},"21":{"type":"branch","line":1,"loc":{"start":{"line":1,"column":0},"end":{"line":1,"column":24}},"locations":[{"start":{"line":1,"column":0},"end":{"line":1,"column":24}}]},"22":{"type":"branch","line":75,"loc":{"start":{"line":75,"column":10},"end":{"line":75,"column":27}},"locations":[{"start":{"line":75,"column":10},"end":{"line":75,"column":27}}]},"23":{"type":"branch","line":75,"loc":{"start":{"line":75,"column":19},"end":{"line":77,"column":17}},"locations":[{"start":{"line":75,"column":19},"end":{"line":77,"column":17}}]}},"b":{"0":[1],"1":[0],"2":[36],"3":[35],"4":[20],"5":[15],"6":[36],"7":[20],"8":[26],"9":[36],"10":[20],"11":[30],"12":[1],"13":[35],"14":[1],"15":[33],"16":[4],"17":[32],"18":[1],"19":[0],"20":[36],"21":[35],"22":[0],"23":[0]},"fnMap":{"0":{"name":"handleButtonClick","decl":{"start":{"line":34,"column":28},"end":{"line":34,"column":64}},"loc":{"start":{"line":34,"column":28},"end":{"line":34,"column":64}},"line":34},"1":{"name":"__vite_ssr_import_5__.createBlock.onClick._cache.<computed>._cache.<computed>","decl":{"start":{"line":60,"column":10},"end":{"line":60,"column":91}},"loc":{"start":{"line":60,"column":10},"end":{"line":60,"column":91}},"line":60}},"f":{"0":1,"1":1}}
,"/Users/lengxingda/my/learning/toy-element/packages/components/Button/ButtonGroup.vue": {"path":"/Users/lengxingda/my/learning/toy-element/packages/components/Button/ButtonGroup.vue","all":false,"statementMap":{"0":{"start":{"line":1,"column":0},"end":{"line":1,"column":24}},"1":{"start":{"line":2,"column":0},"end":{"line":2,"column":50}},"2":{"start":{"line":3,"column":0},"end":{"line":3,"column":49}},"3":{"start":{"line":4,"column":0},"end":{"line":4,"column":53}},"4":{"start":{"line":5,"column":0},"end":{"line":5,"column":48}},"5":{"start":{"line":6,"column":0},"end":{"line":6,"column":41}},"6":{"start":{"line":7,"column":0},"end":{"line":7,"column":31}},"7":{"start":{"line":8,"column":0},"end":{"line":8,"column":31}},"8":{"start":{"line":9,"column":0},"end":{"line":9,"column":38}},"9":{"start":{"line":10,"column":0},"end":{"line":10,"column":5}},"10":{"start":{"line":11,"column":0},"end":{"line":11,"column":15}},"11":{"start":{"line":12,"column":0},"end":{"line":12,"column":23}},"12":{"start":{"line":13,"column":0},"end":{"line":13,"column":2}},"13":{"start":{"line":14,"column":0},"end":{"line":14,"column":0}},"14":{"start":{"line":15,"column":0},"end":{"line":15,"column":9}},"15":{"start":{"line":16,"column":0},"end":{"line":16,"column":10}},"16":{"start":{"line":17,"column":0},"end":{"line":17,"column":31}},"17":{"start":{"line":18,"column":0},"end":{"line":18,"column":17}},"18":{"start":{"line":19,"column":0},"end":{"line":19,"column":8}},"19":{"start":{"line":20,"column":0},"end":{"line":20,"column":11}},"20":{"start":{"line":21,"column":0},"end":{"line":21,"column":14}},"21":{"start":{"line":22,"column":0},"end":{"line":22,"column":21}},"22":{"start":{"line":23,"column":0},"end":{"line":23,"column":8}}},"s":{"0":1,"1":1,"2":1,"3":1,"4":1,"5":1,"6":1,"7":1,"8":1,"9":1,"10":1,"11":1,"12":1,"13":1,"14":1,"15":1,"16":1,"17":1,"18":1,"19":1,"20":1,"21":1,"22":1},"branchMap":{},"b":{},"fnMap":{},"f":{}}
,"/Users/lengxingda/my/learning/toy-element/packages/components/Button/constants.ts": {"path":"/Users/lengxingda/my/learning/toy-element/packages/components/Button/constants.ts","all":false,"statementMap":{"0":{"start":{"line":1,"column":0},"end":{"line":1,"column":40}},"1":{"start":{"line":2,"column":0},"end":{"line":2,"column":50}},"2":{"start":{"line":3,"column":0},"end":{"line":3,"column":0}},"3":{"start":{"line":4,"column":0},"end":{"line":4,"column":19}},"4":{"start":{"line":5,"column":0},"end":{"line":5,"column":69}},"5":{"start":{"line":6,"column":0},"end":{"line":6,"column":31}}},"s":{"0":1,"1":1,"2":1,"3":1,"4":1,"5":1},"branchMap":{},"b":{},"fnMap":{},"f":{}}
,"/Users/lengxingda/my/learning/toy-element/packages/components/Icon/Icon.vue": {"path":"/Users/lengxingda/my/learning/toy-element/packages/components/Icon/Icon.vue","all":false,"statementMap":{"0":{"start":{"line":1,"column":0},"end":{"line":1,"column":10}},"1":{"start":{"line":2,"column":0},"end":{"line":2,"column":5}},"2":{"start":{"line":3,"column":0},"end":{"line":3,"column":19}},"3":{"start":{"line":4,"column":0},"end":{"line":4,"column":32}},"4":{"start":{"line":5,"column":0},"end":{"line":5,"column":24}},"5":{"start":{"line":6,"column":0},"end":{"line":6,"column":19}},"6":{"start":{"line":7,"column":0},"end":{"line":7,"column":3}},"7":{"start":{"line":8,"column":0},"end":{"line":8,"column":64}},"8":{"start":{"line":9,"column":0},"end":{"line":9,"column":6}},"9":{"start":{"line":10,"column":0},"end":{"line":10,"column":11}},"10":{"start":{"line":11,"column":0},"end":{"line":11,"column":0}},"11":{"start":{"line":12,"column":0},"end":{"line":12,"column":24}},"12":{"start":{"line":13,"column":0},"end":{"line":13,"column":43}},"13":{"start":{"line":14,"column":0},"end":{"line":14,"column":64}},"14":{"start":{"line":15,"column":0},"end":{"line":15,"column":32}},"15":{"start":{"line":16,"column":0},"end":{"line":16,"column":35}},"16":{"start":{"line":17,"column":0},"end":{"line":17,"column":2}},"17":{"start":{"line":18,"column":0},"end":{"line":18,"column":17}},"18":{"start":{"line":19,"column":0},"end":{"line":19,"column":19}},"19":{"start":{"line":20,"column":0},"end":{"line":20,"column":55}},"20":{"start":{"line":21,"column":0},"end":{"line":21,"column":4}},"21":{"start":{"line":22,"column":0},"end":{"line":22,"column":0}},"22":{"start":{"line":23,"column":0},"end":{"line":23,"column":40}},"23":{"start":{"line":24,"column":0},"end":{"line":24,"column":0}},"24":{"start":{"line":25,"column":0},"end":{"line":25,"column":68}},"25":{"start":{"line":26,"column":0},"end":{"line":26,"column":39}},"26":{"start":{"line":27,"column":0},"end":{"line":27,"column":32}},"27":{"start":{"line":28,"column":0},"end":{"line":28,"column":7}},"28":{"start":{"line":29,"column":0},"end":{"line":29,"column":0}},"29":{"start":{"line":30,"column":0},"end":{"line":30,"column":9}},"30":{"start":{"line":31,"column":0},"end":{"line":31,"column":0}},"31":{"start":{"line":32,"column":0},"end":{"line":32,"column":14}},"32":{"start":{"line":33,"column":0},"end":{"line":33,"column":21}},"33":{"start":{"line":34,"column":0},"end":{"line":34,"column":0}},"34":{"start":{"line":35,"column":0},"end":{"line":35,"column":8}}},"s":{"0":1,"1":1,"2":1,"3":1,"4":1,"5":1,"6":1,"7":1,"8":1,"9":1,"10":1,"11":1,"12":1,"13":1,"14":1,"15":1,"16":1,"17":1,"18":1,"19":1,"20":1,"21":1,"22":1,"23":1,"24":1,"25":1,"26":1,"27":1,"28":1,"29":1,"30":1,"31":1,"32":1,"33":1,"34":1},"branchMap":{"0":{"type":"branch","line":25,"loc":{"start":{"line":25,"column":31},"end":{"line":25,"column":67}},"locations":[{"start":{"line":25,"column":31},"end":{"line":25,"column":67}}]},"1":{"type":"branch","line":26,"loc":{"start":{"line":26,"column":31},"end":{"line":28,"column":6}},"locations":[{"start":{"line":26,"column":31},"end":{"line":28,"column":6}}]}},"b":{"0":[1],"1":[1]},"fnMap":{},"f":{}}
}
